[2012-02-05 13:10:55,455][INFO ] Using BusyTimeout=5000 for White/Core
[2012-02-05 13:10:55,502][INFO ] Using WaitBasedOnHourGlass=True for White/Core
[2012-02-05 13:10:55,502][INFO ] Using WorkSessionLocation=. for White/Core
[2012-02-05 13:10:55,502][INFO ] Using UIAutomationZeroWindowBugTimeout=5000 for White/Core
[2012-02-05 13:10:55,502][INFO ] Using PopupTimeout=5000 for White/Core
[2012-02-05 13:10:55,502][INFO ] Using TooltipWaitTime=0 for White/Core
[2012-02-05 13:10:55,502][INFO ] Using SuggestionListTimeout=3000 for White/Core
[2012-02-05 13:10:55,502][INFO ] Using DefaultDateFormat=Month,Day,Year for White/Core
[2012-02-05 13:10:55,502][INFO ] Using DragStepCount=1 for White/Core
[2012-02-05 13:10:55,502][INFO ] Using InProc=False for White/Core
[2012-02-05 13:10:55,502][INFO ] Using ComboBoxItemsPopulatedWithoutDropDownOpen=True for White/Core
[2012-02-05 13:10:55,502][INFO ] Using RawElementBasedSearch=False for White/Core
[2012-02-05 13:10:55,502][INFO ] Using MaxElementSearchDepth=10 for White/Core
[2012-02-05 13:10:55,502][INFO ] Using DoubleClickInterval=0 for White/Core
[2012-02-05 13:10:55,502][INFO ] Using MoveMouseToGetStatusOfHourGlass=True for White/Core
[2012-02-05 13:10:56,235][INFO ] Using TableVerticalScrollBar=Vertical Scroll Bar for White/UIItemId
[2012-02-05 13:10:56,235][INFO ] Using TableHorizontalScrollBar=Horizontal Scroll Bar for White/UIItemId
[2012-02-05 13:10:56,235][INFO ] Using TableColumn=Row  for White/UIItemId
[2012-02-05 13:10:56,235][INFO ] Using TableTopLeftHeaderCell=Top Left Header Cell for White/UIItemId
[2012-02-05 13:10:56,235][INFO ] Using TableCellNullValue=(null) for White/UIItemId
[2012-02-05 13:10:56,235][INFO ] Using TableHeader=Top Row for White/UIItemId
[2012-02-05 13:10:56,235][INFO ] Using HorizontalScrollBar=Horizontal ScrollBar for White/UIItemId
[2012-02-05 13:10:56,235][INFO ] Using VerticalScrollBar=Vertical ScrollBar for White/UIItemId
[2012-02-05 13:10:56,235][INFO ] Using TableCellPrefix= Row  for White/UIItemId
